<?xml version="1.0" encoding="UTF-8"?>
<!-- Generated by org.testng.reporters.JUnitReportReporter -->
<testsuite hostname="DESKTOP-BQML3MS" failures="0" tests="1" name="testcases.WafiLifeTest" time="211.453" errors="0" timestamp="2023-04-15T22:49:11 BDT" skipped="0">
  <testcase classname="testcases.WafiLifeTest" name="visitWafiLife" time="211.453"/>
  <system-out/>
</testsuite> <!-- testcases.WafiLifeTest -->
